<?xml version="1.0" encoding="UTF-8"?>
<!-- Generated by org.testng.reporters.JUnitReportReporter -->
<testsuite skipped="0" hostname="Bishals-MacBook-Air.local" name="runners.SmokeTestRunner" tests="2" failures="0" timestamp="2021-12-18T16:11:58 EST" time="0.110" errors="0">
  <testcase name="runScenario" time="0.008" classname="runners.SmokeTestRunner"/>
  <system-out/>
  <testcase name="runScenario" time="0.102" classname="runners.SmokeTestRunner"/>
  <system-out/>
</testsuite> <!-- runners.SmokeTestRunner -->
