<?xml version="1.0" encoding="UTF-8"?>
<!-- Generated by org.testng.reporters.JUnitReportReporter -->
<testsuite skipped="0" hostname="Bishals-MacBook-Air.local" name="runners.SmokeTestRunner" tests="2" failures="0" timestamp="2021-12-18T15:45:54 EST" time="0.118" errors="0">
  <testcase name="runScenario" time="0.012" classname="runners.SmokeTestRunner"/>
  <system-out/>
  <testcase name="runScenario" time="0.106" classname="runners.SmokeTestRunner"/>
  <system-out/>
</testsuite> <!-- runners.SmokeTestRunner -->
